Determining if the pthread_create exist failed with the following output:
Change Dir: /home/pi/udp-image-streaming-master/CMakeFiles/CMakeTmp

Run Build Command:"/usr/bin/make" "cmTC_1a4de/fast"
/usr/bin/make -f CMakeFiles/cmTC_1a4de.dir/build.make CMakeFiles/cmTC_1a4de.dir/build
make[1]: Entering directory '/home/pi/udp-image-streaming-master/CMakeFiles/CMakeTmp'
Building C object CMakeFiles/cmTC_1a4de.dir/CheckSymbolExists.c.o
/usr/bin/cc     -o CMakeFiles/cmTC_1a4de.dir/CheckSymbolExists.c.o   -c /home/pi/udp-image-streaming-master/CMakeFiles/CMakeTmp/CheckSymbolExists.c
Linking C executable cmTC_1a4de
/usr/bin/cmake -E cmake_link_script CMakeFiles/cmTC_1a4de.dir/link.txt --verbose=1
/usr/bin/cc       CMakeFiles/cmTC_1a4de.dir/CheckSymbolExists.c.o  -o cmTC_1a4de -rdynamic 
CMakeFiles/cmTC_1a4de.dir/CheckSymbolExists.c.o: In function `main':
CheckSymbolExists.c:(.text+0x38): undefined reference to `pthread_create'
collect2: error: ld returned 1 exit status
CMakeFiles/cmTC_1a4de.dir/build.make:97: recipe for target 'cmTC_1a4de' failed
make[1]: *** [cmTC_1a4de] Error 1
make[1]: Leaving directory '/home/pi/udp-image-streaming-master/CMakeFiles/CMakeTmp'
Makefile:126: recipe for target 'cmTC_1a4de/fast' failed
make: *** [cmTC_1a4de/fast] Error 2

File /home/pi/udp-image-streaming-master/CMakeFiles/CMakeTmp/CheckSymbolExists.c:
/* */
#include <pthread.h>

int main(int argc, char** argv)
{
  (void)argv;
#ifndef pthread_create
  return ((int*)(&pthread_create))[argc];
#else
  (void)argc;
  return 0;
#endif
}

Determining if the function pthread_create exists in the pthreads failed with the following output:
Change Dir: /home/pi/udp-image-streaming-master/CMakeFiles/CMakeTmp

Run Build Command:"/usr/bin/make" "cmTC_7b544/fast"
/usr/bin/make -f CMakeFiles/cmTC_7b544.dir/build.make CMakeFiles/cmTC_7b544.dir/build
make[1]: Entering directory '/home/pi/udp-image-streaming-master/CMakeFiles/CMakeTmp'
Building C object CMakeFiles/cmTC_7b544.dir/CheckFunctionExists.c.o
/usr/bin/cc    -DCHECK_FUNCTION_EXISTS=pthread_create   -o CMakeFiles/cmTC_7b544.dir/CheckFunctionExists.c.o   -c /usr/share/cmake-3.7/Modules/CheckFunctionExists.c
Linking C executable cmTC_7b544
/usr/bin/cmake -E cmake_link_script CMakeFiles/cmTC_7b544.dir/link.txt --verbose=1
/usr/bin/cc   -DCHECK_FUNCTION_EXISTS=pthread_create    CMakeFiles/cmTC_7b544.dir/CheckFunctionExists.c.o  -o cmTC_7b544 -rdynamic -lpthreads 
/usr/bin/ld: cannot find -lpthreads
collect2: error: ld returned 1 exit status
CMakeFiles/cmTC_7b544.dir/build.make:97: recipe for target 'cmTC_7b544' failed
make[1]: *** [cmTC_7b544] Error 1
make[1]: Leaving directory '/home/pi/udp-image-streaming-master/CMakeFiles/CMakeTmp'
Makefile:126: recipe for target 'cmTC_7b544/fast' failed
make: *** [cmTC_7b544/fast] Error 2


